<?xml version="1.0" encoding="UTF-8"?>
<!-- Generated by org.testng.reporters.JUnitReportReporter -->
<testsuite hostname="DESKTOP-9KBGIMS" failures="0" tests="3" name="com.PageObjects.IndexPage" time="0.024" errors="0" timestamp="2025-03-19T02:10:06 IST" skipped="0">
  <testcase classname="com.PageObjects.IndexPage" name="enterPassword" time="0.010"/>
  <system-out/>
  <testcase classname="com.PageObjects.IndexPage" name="signUpPage" time="0.008"/>
  <system-out/>
  <testcase classname="com.PageObjects.IndexPage" name="enterUsername" time="0.006"/>
  <system-out/>
</testsuite> <!-- com.PageObjects.IndexPage -->
