<?xml version="1.0" encoding="UTF-8"?>
<!-- Generated by org.testng.reporters.JUnitReportReporter -->
<testsuite hostname="DESKTOP-9KBGIMS" failures="0" tests="1" name="com.TestScripts.CartDetailsPageTest" time="28.650" errors="0" timestamp="2025-03-21T21:53:52 IST" skipped="0">
  <testcase classname="com.TestScripts.CartDetailsPageTest" name="purchase" time="28.650"/>
  <system-out/>
</testsuite> <!-- com.TestScripts.CartDetailsPageTest -->
