<?xml version="1.0" encoding="UTF-8"?>
<!-- Generated by org.testng.reporters.JUnitReportReporter -->
<testsuite hostname="DESKTOP-9KBGIMS" failures="0" tests="2" name="com.TestScripts.IndexPageTest" time="5.989" errors="0" timestamp="2025-03-21T21:53:52 IST" skipped="0">
  <testcase classname="com.TestScripts.IndexPageTest" name="verifyLogo" time="2.608"/>
  <system-out/>
  <testcase classname="com.TestScripts.IndexPageTest" name="verifyTitle" time="3.381"/>
  <system-out/>
</testsuite> <!-- com.TestScripts.IndexPageTest -->
