<?xml version="1.0" encoding="UTF-8"?>
<!-- Generated by org.testng.reporters.JUnitReportReporter -->
<testsuite hostname="DESKTOP-9KBGIMS" failures="0" tests="1" name="com.TestScripts.ProductPageTest" time="22.788" errors="0" timestamp="2025-03-21T21:53:52 IST" skipped="0">
  <testcase classname="com.TestScripts.ProductPageTest" name="addToCart" time="22.788"/>
  <system-out/>
</testsuite> <!-- com.TestScripts.ProductPageTest -->
