<?xml version="1.0" encoding="UTF-8"?>
<!-- Generated by org.testng.reporters.JUnitReportReporter -->
<testsuite hostname="DESKTOP-9KBGIMS" failures="0" tests="1" name="com.TestScripts.LoginPageTest" time="9.154" errors="0" timestamp="2025-03-21T21:53:52 IST" skipped="0">
  <testcase classname="com.TestScripts.LoginPageTest" name="loginTest" time="9.154"/>
  <system-out/>
</testsuite> <!-- com.TestScripts.LoginPageTest -->
