<?xml version="1.0" encoding="UTF-8"?>
<!-- Generated by org.testng.reporters.JUnitReportReporter -->
<testsuite hostname="DESKTOP-9KBGIMS" failures="0" tests="1" name="com.TestScripts.CartPageTest" time="22.535" errors="0" timestamp="2025-03-21T21:53:52 IST" skipped="0">
  <testcase classname="com.TestScripts.CartPageTest" name="placeOrder" time="22.535"/>
  <system-out/>
</testsuite> <!-- com.TestScripts.CartPageTest -->
